Calling target program-options parser
[20:45:08.782] [bmv2] [D] [thread 24834] Set default default entry for table 'MyIngress.ipv4_lpm': NoAction - 
Adding interface s1-eth1 as port 1
[20:45:08.784] [bmv2] [D] [thread 24834] Adding interface s1-eth1 as port 1
Adding interface s1-eth2 as port 2
[20:45:08.818] [bmv2] [D] [thread 24834] Adding interface s1-eth2 as port 2
Adding interface s1-eth3 as port 3
[20:45:08.850] [bmv2] [D] [thread 24834] Adding interface s1-eth3 as port 3
I0323 20:45:08.882488569   24834 server_builder.cc:247]      Synchronous server. Num CQs: 1, Min pollers: 1, Max Pollers: 2147483647, CQ timeout (msec): 1000
Server listening on 0.0.0.0:50051
[20:45:08.900] [bmv2] [I] [thread 24834] Starting Thrift server on port 9090
[20:45:08.906] [bmv2] [I] [thread 24834] Thrift server was started
[20:45:25.855] [bmv2] [D] [thread 24841] [0.0] [cxt 0] Processing packet received on port 1
[20:45:25.855] [bmv2] [D] [thread 24841] [0.0] [cxt 0] Parser 'parser': start
[20:45:25.855] [bmv2] [D] [thread 24841] [0.0] [cxt 0] Parser 'parser' entering state 'start'
[20:45:25.855] [bmv2] [D] [thread 24841] [0.0] [cxt 0] Extracting header 'ethernet'
[20:45:25.855] [bmv2] [D] [thread 24841] [0.0] [cxt 0] Parser state 'start': key is 86dd
[20:45:25.855] [bmv2] [T] [thread 24841] [0.0] [cxt 0] Bytes parsed: 14
[20:45:25.855] [bmv2] [D] [thread 24841] [0.0] [cxt 0] Parser 'parser': end
[20:45:25.855] [bmv2] [D] [thread 24841] [0.0] [cxt 0] Pipeline 'ingress': start
[20:45:25.855] [bmv2] [T] [thread 24841] [0.0] [cxt 0] basic.p4(121) Condition "hdr.ipv4.isValid()" (node_2) is false
[20:45:25.855] [bmv2] [D] [thread 24841] [0.0] [cxt 0] Pipeline 'ingress': end
[20:45:25.855] [bmv2] [D] [thread 24841] [0.0] [cxt 0] Egress port is 0
[20:45:25.855] [bmv2] [D] [thread 24842] [0.0] [cxt 0] Pipeline 'egress': start
[20:45:25.855] [bmv2] [D] [thread 24842] [0.0] [cxt 0] Pipeline 'egress': end
[20:45:25.855] [bmv2] [D] [thread 24842] [0.0] [cxt 0] Deparser 'deparser': start
[20:45:25.855] [bmv2] [T] [thread 24842] [0.0] [cxt 0] Skipping checksum 'cksum' update because condition not met
[20:45:25.855] [bmv2] [D] [thread 24842] [0.0] [cxt 0] Deparsing header 'ethernet'
[20:45:25.855] [bmv2] [D] [thread 24842] [0.0] [cxt 0] Deparser 'deparser': end
[20:45:25.855] [bmv2] [D] [thread 24846] [0.0] [cxt 0] Transmitting packet of size 70 out of port 0
[20:45:41.833] [bmv2] [D] [thread 24841] [1.0] [cxt 0] Processing packet received on port 2
[20:45:41.833] [bmv2] [D] [thread 24841] [1.0] [cxt 0] Parser 'parser': start
[20:45:41.834] [bmv2] [D] [thread 24841] [1.0] [cxt 0] Parser 'parser' entering state 'start'
[20:45:41.834] [bmv2] [D] [thread 24841] [1.0] [cxt 0] Extracting header 'ethernet'
[20:45:41.834] [bmv2] [D] [thread 24841] [1.0] [cxt 0] Parser state 'start': key is 86dd
[20:45:41.834] [bmv2] [T] [thread 24841] [1.0] [cxt 0] Bytes parsed: 14
[20:45:41.834] [bmv2] [D] [thread 24841] [1.0] [cxt 0] Parser 'parser': end
[20:45:41.834] [bmv2] [D] [thread 24841] [1.0] [cxt 0] Pipeline 'ingress': start
[20:45:41.834] [bmv2] [T] [thread 24841] [1.0] [cxt 0] basic.p4(121) Condition "hdr.ipv4.isValid()" (node_2) is false
[20:45:41.834] [bmv2] [D] [thread 24841] [1.0] [cxt 0] Pipeline 'ingress': end
[20:45:41.834] [bmv2] [D] [thread 24841] [1.0] [cxt 0] Egress port is 0
[20:45:41.834] [bmv2] [D] [thread 24842] [1.0] [cxt 0] Pipeline 'egress': start
[20:45:41.834] [bmv2] [D] [thread 24842] [1.0] [cxt 0] Pipeline 'egress': end
[20:45:41.834] [bmv2] [D] [thread 24842] [1.0] [cxt 0] Deparser 'deparser': start
[20:45:41.834] [bmv2] [T] [thread 24842] [1.0] [cxt 0] Skipping checksum 'cksum' update because condition not met
[20:45:41.834] [bmv2] [D] [thread 24842] [1.0] [cxt 0] Deparsing header 'ethernet'
[20:45:41.834] [bmv2] [D] [thread 24842] [1.0] [cxt 0] Deparser 'deparser': end
[20:45:41.834] [bmv2] [D] [thread 24846] [1.0] [cxt 0] Transmitting packet of size 203 out of port 0
[20:45:42.030] [bmv2] [D] [thread 24841] [2.0] [cxt 0] Processing packet received on port 1
[20:45:42.030] [bmv2] [D] [thread 24841] [2.0] [cxt 0] Parser 'parser': start
[20:45:42.030] [bmv2] [D] [thread 24841] [2.0] [cxt 0] Parser 'parser' entering state 'start'
[20:45:42.030] [bmv2] [D] [thread 24841] [2.0] [cxt 0] Extracting header 'ethernet'
[20:45:42.030] [bmv2] [D] [thread 24841] [2.0] [cxt 0] Parser state 'start': key is 86dd
[20:45:42.030] [bmv2] [T] [thread 24841] [2.0] [cxt 0] Bytes parsed: 14
[20:45:42.030] [bmv2] [D] [thread 24841] [2.0] [cxt 0] Parser 'parser': end
[20:45:42.030] [bmv2] [D] [thread 24841] [2.0] [cxt 0] Pipeline 'ingress': start
[20:45:42.030] [bmv2] [T] [thread 24841] [2.0] [cxt 0] basic.p4(121) Condition "hdr.ipv4.isValid()" (node_2) is false
[20:45:42.030] [bmv2] [D] [thread 24841] [2.0] [cxt 0] Pipeline 'ingress': end
[20:45:42.030] [bmv2] [D] [thread 24841] [2.0] [cxt 0] Egress port is 0
[20:45:42.031] [bmv2] [D] [thread 24842] [2.0] [cxt 0] Pipeline 'egress': start
[20:45:42.031] [bmv2] [D] [thread 24842] [2.0] [cxt 0] Pipeline 'egress': end
[20:45:42.031] [bmv2] [D] [thread 24842] [2.0] [cxt 0] Deparser 'deparser': start
[20:45:42.031] [bmv2] [T] [thread 24842] [2.0] [cxt 0] Skipping checksum 'cksum' update because condition not met
[20:45:42.031] [bmv2] [D] [thread 24842] [2.0] [cxt 0] Deparsing header 'ethernet'
[20:45:42.031] [bmv2] [D] [thread 24842] [2.0] [cxt 0] Deparser 'deparser': end
[20:45:42.031] [bmv2] [D] [thread 24846] [2.0] [cxt 0] Transmitting packet of size 203 out of port 0
[20:45:42.274] [bmv2] [D] [thread 24841] [3.0] [cxt 0] Processing packet received on port 3
[20:45:42.275] [bmv2] [D] [thread 24841] [3.0] [cxt 0] Parser 'parser': start
[20:45:42.275] [bmv2] [D] [thread 24841] [3.0] [cxt 0] Parser 'parser' entering state 'start'
[20:45:42.275] [bmv2] [D] [thread 24841] [3.0] [cxt 0] Extracting header 'ethernet'
[20:45:42.275] [bmv2] [D] [thread 24841] [3.0] [cxt 0] Parser state 'start': key is 86dd
[20:45:42.275] [bmv2] [T] [thread 24841] [3.0] [cxt 0] Bytes parsed: 14
[20:45:42.275] [bmv2] [D] [thread 24841] [3.0] [cxt 0] Parser 'parser': end
[20:45:42.275] [bmv2] [D] [thread 24841] [3.0] [cxt 0] Pipeline 'ingress': start
[20:45:42.275] [bmv2] [T] [thread 24841] [3.0] [cxt 0] basic.p4(121) Condition "hdr.ipv4.isValid()" (node_2) is false
[20:45:42.275] [bmv2] [D] [thread 24841] [3.0] [cxt 0] Pipeline 'ingress': end
[20:45:42.275] [bmv2] [D] [thread 24841] [3.0] [cxt 0] Egress port is 0
[20:45:42.275] [bmv2] [D] [thread 24842] [3.0] [cxt 0] Pipeline 'egress': start
[20:45:42.275] [bmv2] [D] [thread 24842] [3.0] [cxt 0] Pipeline 'egress': end
[20:45:42.275] [bmv2] [D] [thread 24842] [3.0] [cxt 0] Deparser 'deparser': start
[20:45:42.275] [bmv2] [T] [thread 24842] [3.0] [cxt 0] Skipping checksum 'cksum' update because condition not met
[20:45:42.275] [bmv2] [D] [thread 24842] [3.0] [cxt 0] Deparsing header 'ethernet'
[20:45:42.275] [bmv2] [D] [thread 24842] [3.0] [cxt 0] Deparser 'deparser': end
[20:45:42.275] [bmv2] [D] [thread 24846] [3.0] [cxt 0] Transmitting packet of size 203 out of port 0
[20:45:42.482] [bmv2] [D] [thread 24841] [4.0] [cxt 0] Processing packet received on port 2
[20:45:42.482] [bmv2] [D] [thread 24841] [4.0] [cxt 0] Parser 'parser': start
[20:45:42.482] [bmv2] [D] [thread 24841] [4.0] [cxt 0] Parser 'parser' entering state 'start'
[20:45:42.482] [bmv2] [D] [thread 24841] [4.0] [cxt 0] Extracting header 'ethernet'
[20:45:42.482] [bmv2] [D] [thread 24841] [4.0] [cxt 0] Parser state 'start': key is 86dd
[20:45:42.482] [bmv2] [T] [thread 24841] [4.0] [cxt 0] Bytes parsed: 14
[20:45:42.482] [bmv2] [D] [thread 24841] [4.0] [cxt 0] Parser 'parser': end
[20:45:42.482] [bmv2] [D] [thread 24841] [4.0] [cxt 0] Pipeline 'ingress': start
[20:45:42.482] [bmv2] [T] [thread 24841] [4.0] [cxt 0] basic.p4(121) Condition "hdr.ipv4.isValid()" (node_2) is false
[20:45:42.482] [bmv2] [D] [thread 24841] [4.0] [cxt 0] Pipeline 'ingress': end
[20:45:42.482] [bmv2] [D] [thread 24841] [4.0] [cxt 0] Egress port is 0
[20:45:42.482] [bmv2] [D] [thread 24842] [4.0] [cxt 0] Pipeline 'egress': start
[20:45:42.482] [bmv2] [D] [thread 24842] [4.0] [cxt 0] Pipeline 'egress': end
[20:45:42.482] [bmv2] [D] [thread 24842] [4.0] [cxt 0] Deparser 'deparser': start
[20:45:42.483] [bmv2] [T] [thread 24842] [4.0] [cxt 0] Skipping checksum 'cksum' update because condition not met
[20:45:42.483] [bmv2] [D] [thread 24842] [4.0] [cxt 0] Deparsing header 'ethernet'
[20:45:42.483] [bmv2] [D] [thread 24842] [4.0] [cxt 0] Deparser 'deparser': end
[20:45:42.483] [bmv2] [D] [thread 24846] [4.0] [cxt 0] Transmitting packet of size 203 out of port 0
[20:45:46.333] [bmv2] [D] [thread 24841] [5.0] [cxt 0] Processing packet received on port 2
[20:45:46.334] [bmv2] [D] [thread 24841] [5.0] [cxt 0] Parser 'parser': start
[20:45:46.334] [bmv2] [D] [thread 24841] [5.0] [cxt 0] Parser 'parser' entering state 'start'
[20:45:46.334] [bmv2] [D] [thread 24841] [5.0] [cxt 0] Extracting header 'ethernet'
[20:45:46.334] [bmv2] [D] [thread 24841] [5.0] [cxt 0] Parser state 'start': key is 86dd
[20:45:46.334] [bmv2] [T] [thread 24841] [5.0] [cxt 0] Bytes parsed: 14
[20:45:46.334] [bmv2] [D] [thread 24841] [5.0] [cxt 0] Parser 'parser': end
[20:45:46.334] [bmv2] [D] [thread 24841] [5.0] [cxt 0] Pipeline 'ingress': start
[20:45:46.334] [bmv2] [T] [thread 24841] [5.0] [cxt 0] basic.p4(121) Condition "hdr.ipv4.isValid()" (node_2) is false
[20:45:46.334] [bmv2] [D] [thread 24841] [5.0] [cxt 0] Pipeline 'ingress': end
[20:45:46.334] [bmv2] [D] [thread 24841] [5.0] [cxt 0] Egress port is 0
[20:45:46.334] [bmv2] [D] [thread 24842] [5.0] [cxt 0] Pipeline 'egress': start
[20:45:46.334] [bmv2] [D] [thread 24842] [5.0] [cxt 0] Pipeline 'egress': end
[20:45:46.334] [bmv2] [D] [thread 24842] [5.0] [cxt 0] Deparser 'deparser': start
[20:45:46.334] [bmv2] [T] [thread 24842] [5.0] [cxt 0] Skipping checksum 'cksum' update because condition not met
[20:45:46.334] [bmv2] [D] [thread 24842] [5.0] [cxt 0] Deparsing header 'ethernet'
[20:45:46.334] [bmv2] [D] [thread 24842] [5.0] [cxt 0] Deparser 'deparser': end
[20:45:46.334] [bmv2] [D] [thread 24846] [5.0] [cxt 0] Transmitting packet of size 70 out of port 0
[20:45:52.478] [bmv2] [D] [thread 24841] [6.0] [cxt 0] Processing packet received on port 2
[20:45:52.478] [bmv2] [D] [thread 24841] [6.0] [cxt 0] Parser 'parser': start
[20:45:52.478] [bmv2] [D] [thread 24841] [6.0] [cxt 0] Parser 'parser' entering state 'start'
[20:45:52.478] [bmv2] [D] [thread 24841] [6.0] [cxt 0] Extracting header 'ethernet'
[20:45:52.478] [bmv2] [D] [thread 24841] [6.0] [cxt 0] Parser state 'start': key is 86dd
[20:45:52.478] [bmv2] [T] [thread 24841] [6.0] [cxt 0] Bytes parsed: 14
[20:45:52.478] [bmv2] [D] [thread 24841] [6.0] [cxt 0] Parser 'parser': end
[20:45:52.478] [bmv2] [D] [thread 24841] [6.0] [cxt 0] Pipeline 'ingress': start
[20:45:52.478] [bmv2] [T] [thread 24841] [6.0] [cxt 0] basic.p4(121) Condition "hdr.ipv4.isValid()" (node_2) is false
[20:45:52.478] [bmv2] [D] [thread 24841] [6.0] [cxt 0] Pipeline 'ingress': end
[20:45:52.478] [bmv2] [D] [thread 24841] [6.0] [cxt 0] Egress port is 0
[20:45:52.478] [bmv2] [D] [thread 24842] [6.0] [cxt 0] Pipeline 'egress': start
[20:45:52.478] [bmv2] [D] [thread 24842] [6.0] [cxt 0] Pipeline 'egress': end
[20:45:52.478] [bmv2] [D] [thread 24842] [6.0] [cxt 0] Deparser 'deparser': start
[20:45:52.479] [bmv2] [T] [thread 24842] [6.0] [cxt 0] Skipping checksum 'cksum' update because condition not met
[20:45:52.479] [bmv2] [D] [thread 24842] [6.0] [cxt 0] Deparsing header 'ethernet'
[20:45:52.479] [bmv2] [D] [thread 24842] [6.0] [cxt 0] Deparser 'deparser': end
[20:45:52.479] [bmv2] [D] [thread 24846] [6.0] [cxt 0] Transmitting packet of size 70 out of port 0
[20:45:52.481] [bmv2] [D] [thread 24841] [7.0] [cxt 0] Processing packet received on port 3
[20:45:52.481] [bmv2] [D] [thread 24841] [7.0] [cxt 0] Parser 'parser': start
[20:45:52.481] [bmv2] [D] [thread 24841] [7.0] [cxt 0] Parser 'parser' entering state 'start'
[20:45:52.481] [bmv2] [D] [thread 24841] [7.0] [cxt 0] Extracting header 'ethernet'
[20:45:52.482] [bmv2] [D] [thread 24841] [7.0] [cxt 0] Parser state 'start': key is 86dd
[20:45:52.482] [bmv2] [T] [thread 24841] [7.0] [cxt 0] Bytes parsed: 14
[20:45:52.482] [bmv2] [D] [thread 24841] [7.0] [cxt 0] Parser 'parser': end
[20:45:52.482] [bmv2] [D] [thread 24841] [7.0] [cxt 0] Pipeline 'ingress': start
[20:45:52.482] [bmv2] [T] [thread 24841] [7.0] [cxt 0] basic.p4(121) Condition "hdr.ipv4.isValid()" (node_2) is false
[20:45:52.482] [bmv2] [D] [thread 24841] [7.0] [cxt 0] Pipeline 'ingress': end
[20:45:52.482] [bmv2] [D] [thread 24841] [7.0] [cxt 0] Egress port is 0
[20:45:52.482] [bmv2] [D] [thread 24842] [7.0] [cxt 0] Pipeline 'egress': start
[20:45:52.482] [bmv2] [D] [thread 24842] [7.0] [cxt 0] Pipeline 'egress': end
[20:45:52.482] [bmv2] [D] [thread 24842] [7.0] [cxt 0] Deparser 'deparser': start
[20:45:52.482] [bmv2] [T] [thread 24842] [7.0] [cxt 0] Skipping checksum 'cksum' update because condition not met
[20:45:52.482] [bmv2] [D] [thread 24842] [7.0] [cxt 0] Deparsing header 'ethernet'
[20:45:52.482] [bmv2] [D] [thread 24842] [7.0] [cxt 0] Deparser 'deparser': end
[20:45:52.482] [bmv2] [D] [thread 24846] [7.0] [cxt 0] Transmitting packet of size 70 out of port 0
[20:45:56.574] [bmv2] [D] [thread 24841] [8.0] [cxt 0] Processing packet received on port 3
[20:45:56.574] [bmv2] [D] [thread 24841] [8.0] [cxt 0] Parser 'parser': start
[20:45:56.574] [bmv2] [D] [thread 24841] [8.0] [cxt 0] Parser 'parser' entering state 'start'
[20:45:56.574] [bmv2] [D] [thread 24841] [8.0] [cxt 0] Extracting header 'ethernet'
[20:45:56.574] [bmv2] [D] [thread 24841] [8.0] [cxt 0] Parser state 'start': key is 86dd
[20:45:56.574] [bmv2] [T] [thread 24841] [8.0] [cxt 0] Bytes parsed: 14
[20:45:56.574] [bmv2] [D] [thread 24841] [8.0] [cxt 0] Parser 'parser': end
[20:45:56.574] [bmv2] [D] [thread 24841] [8.0] [cxt 0] Pipeline 'ingress': start
[20:45:56.575] [bmv2] [T] [thread 24841] [8.0] [cxt 0] basic.p4(121) Condition "hdr.ipv4.isValid()" (node_2) is false
[20:45:56.575] [bmv2] [D] [thread 24841] [8.0] [cxt 0] Pipeline 'ingress': end
[20:45:56.575] [bmv2] [D] [thread 24841] [8.0] [cxt 0] Egress port is 0
[20:45:56.575] [bmv2] [D] [thread 24842] [8.0] [cxt 0] Pipeline 'egress': start
[20:45:56.575] [bmv2] [D] [thread 24842] [8.0] [cxt 0] Pipeline 'egress': end
[20:45:56.575] [bmv2] [D] [thread 24842] [8.0] [cxt 0] Deparser 'deparser': start
[20:45:56.575] [bmv2] [T] [thread 24842] [8.0] [cxt 0] Skipping checksum 'cksum' update because condition not met
[20:45:56.575] [bmv2] [D] [thread 24842] [8.0] [cxt 0] Deparsing header 'ethernet'
[20:45:56.575] [bmv2] [D] [thread 24842] [8.0] [cxt 0] Deparser 'deparser': end
[20:45:56.575] [bmv2] [D] [thread 24846] [8.0] [cxt 0] Transmitting packet of size 70 out of port 0
