Calling target program-options parser
[20:45:09.356] [bmv2] [D] [thread 24848] Set default default entry for table 'MyIngress.ipv4_lpm': NoAction - 
Adding interface s2-eth1 as port 1
[20:45:09.361] [bmv2] [D] [thread 24848] Adding interface s2-eth1 as port 1
Adding interface s2-eth2 as port 2
[20:45:09.402] [bmv2] [D] [thread 24848] Adding interface s2-eth2 as port 2
Adding interface s2-eth3 as port 3
[20:45:09.434] [bmv2] [D] [thread 24848] Adding interface s2-eth3 as port 3
I0323 20:45:09.466765592   24848 server_builder.cc:247]      Synchronous server. Num CQs: 1, Min pollers: 1, Max Pollers: 2147483647, CQ timeout (msec): 1000
Server listening on 0.0.0.0:50052
[20:45:09.487] [bmv2] [I] [thread 24848] Starting Thrift server on port 9091
[20:45:09.498] [bmv2] [I] [thread 24848] Thrift server was started
[20:45:27.902] [bmv2] [D] [thread 24855] [0.0] [cxt 0] Processing packet received on port 3
[20:45:27.902] [bmv2] [D] [thread 24855] [0.0] [cxt 0] Parser 'parser': start
[20:45:27.902] [bmv2] [D] [thread 24855] [0.0] [cxt 0] Parser 'parser' entering state 'start'
[20:45:27.902] [bmv2] [D] [thread 24855] [0.0] [cxt 0] Extracting header 'ethernet'
[20:45:27.902] [bmv2] [D] [thread 24855] [0.0] [cxt 0] Parser state 'start': key is 86dd
[20:45:27.902] [bmv2] [T] [thread 24855] [0.0] [cxt 0] Bytes parsed: 14
[20:45:27.902] [bmv2] [D] [thread 24855] [0.0] [cxt 0] Parser 'parser': end
[20:45:27.903] [bmv2] [D] [thread 24855] [0.0] [cxt 0] Pipeline 'ingress': start
[20:45:27.903] [bmv2] [T] [thread 24855] [0.0] [cxt 0] basic.p4(121) Condition "hdr.ipv4.isValid()" (node_2) is false
[20:45:27.903] [bmv2] [D] [thread 24855] [0.0] [cxt 0] Pipeline 'ingress': end
[20:45:27.903] [bmv2] [D] [thread 24855] [0.0] [cxt 0] Egress port is 0
[20:45:27.903] [bmv2] [D] [thread 24856] [0.0] [cxt 0] Pipeline 'egress': start
[20:45:27.903] [bmv2] [D] [thread 24856] [0.0] [cxt 0] Pipeline 'egress': end
[20:45:27.903] [bmv2] [D] [thread 24856] [0.0] [cxt 0] Deparser 'deparser': start
[20:45:27.903] [bmv2] [T] [thread 24856] [0.0] [cxt 0] Skipping checksum 'cksum' update because condition not met
[20:45:27.903] [bmv2] [D] [thread 24856] [0.0] [cxt 0] Deparsing header 'ethernet'
[20:45:27.903] [bmv2] [D] [thread 24856] [0.0] [cxt 0] Deparser 'deparser': end
[20:45:27.903] [bmv2] [D] [thread 24860] [0.0] [cxt 0] Transmitting packet of size 70 out of port 0
[20:45:38.142] [bmv2] [D] [thread 24855] [1.0] [cxt 0] Processing packet received on port 3
[20:45:38.142] [bmv2] [D] [thread 24855] [1.0] [cxt 0] Parser 'parser': start
[20:45:38.142] [bmv2] [D] [thread 24855] [1.0] [cxt 0] Parser 'parser' entering state 'start'
[20:45:38.142] [bmv2] [D] [thread 24855] [1.0] [cxt 0] Extracting header 'ethernet'
[20:45:38.142] [bmv2] [D] [thread 24855] [1.0] [cxt 0] Parser state 'start': key is 86dd
[20:45:38.142] [bmv2] [T] [thread 24855] [1.0] [cxt 0] Bytes parsed: 14
[20:45:38.142] [bmv2] [D] [thread 24855] [1.0] [cxt 0] Parser 'parser': end
[20:45:38.142] [bmv2] [D] [thread 24855] [1.0] [cxt 0] Pipeline 'ingress': start
[20:45:38.142] [bmv2] [T] [thread 24855] [1.0] [cxt 0] basic.p4(121) Condition "hdr.ipv4.isValid()" (node_2) is false
[20:45:38.142] [bmv2] [D] [thread 24855] [1.0] [cxt 0] Pipeline 'ingress': end
[20:45:38.142] [bmv2] [D] [thread 24855] [1.0] [cxt 0] Egress port is 0
[20:45:38.142] [bmv2] [D] [thread 24856] [1.0] [cxt 0] Pipeline 'egress': start
[20:45:38.142] [bmv2] [D] [thread 24856] [1.0] [cxt 0] Pipeline 'egress': end
[20:45:38.142] [bmv2] [D] [thread 24856] [1.0] [cxt 0] Deparser 'deparser': start
[20:45:38.142] [bmv2] [T] [thread 24856] [1.0] [cxt 0] Skipping checksum 'cksum' update because condition not met
[20:45:38.142] [bmv2] [D] [thread 24856] [1.0] [cxt 0] Deparsing header 'ethernet'
[20:45:38.142] [bmv2] [D] [thread 24856] [1.0] [cxt 0] Deparser 'deparser': end
[20:45:38.143] [bmv2] [D] [thread 24860] [1.0] [cxt 0] Transmitting packet of size 70 out of port 0
[20:45:40.190] [bmv2] [D] [thread 24855] [2.0] [cxt 0] Processing packet received on port 1
[20:45:40.190] [bmv2] [D] [thread 24855] [2.0] [cxt 0] Parser 'parser': start
[20:45:40.190] [bmv2] [D] [thread 24855] [2.0] [cxt 0] Parser 'parser' entering state 'start'
[20:45:40.190] [bmv2] [D] [thread 24855] [2.0] [cxt 0] Extracting header 'ethernet'
[20:45:40.190] [bmv2] [D] [thread 24855] [2.0] [cxt 0] Parser state 'start': key is 86dd
[20:45:40.190] [bmv2] [T] [thread 24855] [2.0] [cxt 0] Bytes parsed: 14
[20:45:40.190] [bmv2] [D] [thread 24855] [2.0] [cxt 0] Parser 'parser': end
[20:45:40.190] [bmv2] [D] [thread 24855] [2.0] [cxt 0] Pipeline 'ingress': start
[20:45:40.190] [bmv2] [T] [thread 24855] [2.0] [cxt 0] basic.p4(121) Condition "hdr.ipv4.isValid()" (node_2) is false
[20:45:40.190] [bmv2] [D] [thread 24855] [2.0] [cxt 0] Pipeline 'ingress': end
[20:45:40.190] [bmv2] [D] [thread 24855] [2.0] [cxt 0] Egress port is 0
[20:45:40.190] [bmv2] [D] [thread 24856] [2.0] [cxt 0] Pipeline 'egress': start
[20:45:40.190] [bmv2] [D] [thread 24856] [2.0] [cxt 0] Pipeline 'egress': end
[20:45:40.190] [bmv2] [D] [thread 24856] [2.0] [cxt 0] Deparser 'deparser': start
[20:45:40.190] [bmv2] [T] [thread 24856] [2.0] [cxt 0] Skipping checksum 'cksum' update because condition not met
[20:45:40.190] [bmv2] [D] [thread 24856] [2.0] [cxt 0] Deparsing header 'ethernet'
[20:45:40.190] [bmv2] [D] [thread 24856] [2.0] [cxt 0] Deparser 'deparser': end
[20:45:40.190] [bmv2] [D] [thread 24860] [2.0] [cxt 0] Transmitting packet of size 70 out of port 0
[20:45:41.576] [bmv2] [D] [thread 24855] [3.0] [cxt 0] Processing packet received on port 1
[20:45:41.577] [bmv2] [D] [thread 24855] [3.0] [cxt 0] Parser 'parser': start
[20:45:41.577] [bmv2] [D] [thread 24855] [3.0] [cxt 0] Parser 'parser' entering state 'start'
[20:45:41.577] [bmv2] [D] [thread 24855] [3.0] [cxt 0] Extracting header 'ethernet'
[20:45:41.577] [bmv2] [D] [thread 24855] [3.0] [cxt 0] Parser state 'start': key is 86dd
[20:45:41.577] [bmv2] [T] [thread 24855] [3.0] [cxt 0] Bytes parsed: 14
[20:45:41.577] [bmv2] [D] [thread 24855] [3.0] [cxt 0] Parser 'parser': end
[20:45:41.577] [bmv2] [D] [thread 24855] [3.0] [cxt 0] Pipeline 'ingress': start
[20:45:41.577] [bmv2] [T] [thread 24855] [3.0] [cxt 0] basic.p4(121) Condition "hdr.ipv4.isValid()" (node_2) is false
[20:45:41.577] [bmv2] [D] [thread 24855] [3.0] [cxt 0] Pipeline 'ingress': end
[20:45:41.577] [bmv2] [D] [thread 24855] [3.0] [cxt 0] Egress port is 0
[20:45:41.577] [bmv2] [D] [thread 24856] [3.0] [cxt 0] Pipeline 'egress': start
[20:45:41.577] [bmv2] [D] [thread 24856] [3.0] [cxt 0] Pipeline 'egress': end
[20:45:41.577] [bmv2] [D] [thread 24856] [3.0] [cxt 0] Deparser 'deparser': start
[20:45:41.577] [bmv2] [T] [thread 24856] [3.0] [cxt 0] Skipping checksum 'cksum' update because condition not met
[20:45:41.577] [bmv2] [D] [thread 24856] [3.0] [cxt 0] Deparsing header 'ethernet'
[20:45:41.577] [bmv2] [D] [thread 24856] [3.0] [cxt 0] Deparser 'deparser': end
[20:45:41.577] [bmv2] [D] [thread 24860] [3.0] [cxt 0] Transmitting packet of size 203 out of port 0
[20:45:41.834] [bmv2] [D] [thread 24855] [4.0] [cxt 0] Processing packet received on port 2
[20:45:41.834] [bmv2] [D] [thread 24855] [4.0] [cxt 0] Parser 'parser': start
[20:45:41.834] [bmv2] [D] [thread 24855] [4.0] [cxt 0] Parser 'parser' entering state 'start'
[20:45:41.834] [bmv2] [D] [thread 24855] [4.0] [cxt 0] Extracting header 'ethernet'
[20:45:41.834] [bmv2] [D] [thread 24855] [4.0] [cxt 0] Parser state 'start': key is 86dd
[20:45:41.834] [bmv2] [T] [thread 24855] [4.0] [cxt 0] Bytes parsed: 14
[20:45:41.834] [bmv2] [D] [thread 24855] [4.0] [cxt 0] Parser 'parser': end
[20:45:41.834] [bmv2] [D] [thread 24855] [4.0] [cxt 0] Pipeline 'ingress': start
[20:45:41.834] [bmv2] [T] [thread 24855] [4.0] [cxt 0] basic.p4(121) Condition "hdr.ipv4.isValid()" (node_2) is false
[20:45:41.834] [bmv2] [D] [thread 24855] [4.0] [cxt 0] Pipeline 'ingress': end
[20:45:41.834] [bmv2] [D] [thread 24855] [4.0] [cxt 0] Egress port is 0
[20:45:41.834] [bmv2] [D] [thread 24856] [4.0] [cxt 0] Pipeline 'egress': start
[20:45:41.834] [bmv2] [D] [thread 24856] [4.0] [cxt 0] Pipeline 'egress': end
[20:45:41.834] [bmv2] [D] [thread 24856] [4.0] [cxt 0] Deparser 'deparser': start
[20:45:41.834] [bmv2] [T] [thread 24856] [4.0] [cxt 0] Skipping checksum 'cksum' update because condition not met
[20:45:41.835] [bmv2] [D] [thread 24856] [4.0] [cxt 0] Deparsing header 'ethernet'
[20:45:41.835] [bmv2] [D] [thread 24856] [4.0] [cxt 0] Deparser 'deparser': end
[20:45:41.835] [bmv2] [D] [thread 24860] [4.0] [cxt 0] Transmitting packet of size 203 out of port 0
[20:45:42.147] [bmv2] [D] [thread 24855] [5.0] [cxt 0] Processing packet received on port 3
[20:45:42.147] [bmv2] [D] [thread 24855] [5.0] [cxt 0] Parser 'parser': start
[20:45:42.148] [bmv2] [D] [thread 24855] [5.0] [cxt 0] Parser 'parser' entering state 'start'
[20:45:42.148] [bmv2] [D] [thread 24855] [5.0] [cxt 0] Extracting header 'ethernet'
[20:45:42.148] [bmv2] [D] [thread 24855] [5.0] [cxt 0] Parser state 'start': key is 86dd
[20:45:42.148] [bmv2] [T] [thread 24855] [5.0] [cxt 0] Bytes parsed: 14
[20:45:42.148] [bmv2] [D] [thread 24855] [5.0] [cxt 0] Parser 'parser': end
[20:45:42.148] [bmv2] [D] [thread 24855] [5.0] [cxt 0] Pipeline 'ingress': start
[20:45:42.148] [bmv2] [T] [thread 24855] [5.0] [cxt 0] basic.p4(121) Condition "hdr.ipv4.isValid()" (node_2) is false
[20:45:42.148] [bmv2] [D] [thread 24855] [5.0] [cxt 0] Pipeline 'ingress': end
[20:45:42.148] [bmv2] [D] [thread 24855] [5.0] [cxt 0] Egress port is 0
[20:45:42.148] [bmv2] [D] [thread 24856] [5.0] [cxt 0] Pipeline 'egress': start
[20:45:42.148] [bmv2] [D] [thread 24856] [5.0] [cxt 0] Pipeline 'egress': end
[20:45:42.148] [bmv2] [D] [thread 24856] [5.0] [cxt 0] Deparser 'deparser': start
[20:45:42.148] [bmv2] [T] [thread 24856] [5.0] [cxt 0] Skipping checksum 'cksum' update because condition not met
[20:45:42.148] [bmv2] [D] [thread 24856] [5.0] [cxt 0] Deparsing header 'ethernet'
[20:45:42.148] [bmv2] [D] [thread 24856] [5.0] [cxt 0] Deparser 'deparser': end
[20:45:42.148] [bmv2] [D] [thread 24860] [5.0] [cxt 0] Transmitting packet of size 203 out of port 0
[20:45:42.467] [bmv2] [D] [thread 24855] [6.0] [cxt 0] Processing packet received on port 3
[20:45:42.467] [bmv2] [D] [thread 24855] [6.0] [cxt 0] Parser 'parser': start
[20:45:42.467] [bmv2] [D] [thread 24855] [6.0] [cxt 0] Parser 'parser' entering state 'start'
[20:45:42.467] [bmv2] [D] [thread 24855] [6.0] [cxt 0] Extracting header 'ethernet'
[20:45:42.467] [bmv2] [D] [thread 24855] [6.0] [cxt 0] Parser state 'start': key is 86dd
[20:45:42.467] [bmv2] [T] [thread 24855] [6.0] [cxt 0] Bytes parsed: 14
[20:45:42.467] [bmv2] [D] [thread 24855] [6.0] [cxt 0] Parser 'parser': end
[20:45:42.467] [bmv2] [D] [thread 24855] [6.0] [cxt 0] Pipeline 'ingress': start
[20:45:42.468] [bmv2] [T] [thread 24855] [6.0] [cxt 0] basic.p4(121) Condition "hdr.ipv4.isValid()" (node_2) is false
[20:45:42.468] [bmv2] [D] [thread 24855] [6.0] [cxt 0] Pipeline 'ingress': end
[20:45:42.468] [bmv2] [D] [thread 24855] [6.0] [cxt 0] Egress port is 0
[20:45:42.468] [bmv2] [D] [thread 24856] [6.0] [cxt 0] Pipeline 'egress': start
[20:45:42.468] [bmv2] [D] [thread 24856] [6.0] [cxt 0] Pipeline 'egress': end
[20:45:42.468] [bmv2] [D] [thread 24856] [6.0] [cxt 0] Deparser 'deparser': start
[20:45:42.468] [bmv2] [T] [thread 24856] [6.0] [cxt 0] Skipping checksum 'cksum' update because condition not met
[20:45:42.468] [bmv2] [D] [thread 24856] [6.0] [cxt 0] Deparsing header 'ethernet'
[20:45:42.468] [bmv2] [D] [thread 24856] [6.0] [cxt 0] Deparser 'deparser': end
[20:45:42.468] [bmv2] [D] [thread 24860] [6.0] [cxt 0] Transmitting packet of size 203 out of port 0
[20:45:42.482] [bmv2] [D] [thread 24855] [7.0] [cxt 0] Processing packet received on port 2
[20:45:42.482] [bmv2] [D] [thread 24855] [7.0] [cxt 0] Parser 'parser': start
[20:45:42.482] [bmv2] [D] [thread 24855] [7.0] [cxt 0] Parser 'parser' entering state 'start'
[20:45:42.482] [bmv2] [D] [thread 24855] [7.0] [cxt 0] Extracting header 'ethernet'
[20:45:42.482] [bmv2] [D] [thread 24855] [7.0] [cxt 0] Parser state 'start': key is 86dd
[20:45:42.482] [bmv2] [T] [thread 24855] [7.0] [cxt 0] Bytes parsed: 14
[20:45:42.482] [bmv2] [D] [thread 24855] [7.0] [cxt 0] Parser 'parser': end
[20:45:42.483] [bmv2] [D] [thread 24855] [7.0] [cxt 0] Pipeline 'ingress': start
[20:45:42.483] [bmv2] [T] [thread 24855] [7.0] [cxt 0] basic.p4(121) Condition "hdr.ipv4.isValid()" (node_2) is false
[20:45:42.483] [bmv2] [D] [thread 24855] [7.0] [cxt 0] Pipeline 'ingress': end
[20:45:42.483] [bmv2] [D] [thread 24855] [7.0] [cxt 0] Egress port is 0
[20:45:42.483] [bmv2] [D] [thread 24856] [7.0] [cxt 0] Pipeline 'egress': start
[20:45:42.483] [bmv2] [D] [thread 24856] [7.0] [cxt 0] Pipeline 'egress': end
[20:45:42.483] [bmv2] [D] [thread 24856] [7.0] [cxt 0] Deparser 'deparser': start
[20:45:42.483] [bmv2] [T] [thread 24856] [7.0] [cxt 0] Skipping checksum 'cksum' update because condition not met
[20:45:42.483] [bmv2] [D] [thread 24856] [7.0] [cxt 0] Deparsing header 'ethernet'
[20:45:42.483] [bmv2] [D] [thread 24856] [7.0] [cxt 0] Deparser 'deparser': end
[20:45:42.483] [bmv2] [D] [thread 24860] [7.0] [cxt 0] Transmitting packet of size 203 out of port 0
[20:45:46.334] [bmv2] [D] [thread 24855] [8.0] [cxt 0] Processing packet received on port 2
[20:45:46.334] [bmv2] [D] [thread 24855] [8.0] [cxt 0] Parser 'parser': start
[20:45:46.334] [bmv2] [D] [thread 24855] [8.0] [cxt 0] Parser 'parser' entering state 'start'
[20:45:46.334] [bmv2] [D] [thread 24855] [8.0] [cxt 0] Extracting header 'ethernet'
[20:45:46.334] [bmv2] [D] [thread 24855] [8.0] [cxt 0] Parser state 'start': key is 86dd
[20:45:46.334] [bmv2] [T] [thread 24855] [8.0] [cxt 0] Bytes parsed: 14
[20:45:46.334] [bmv2] [D] [thread 24855] [8.0] [cxt 0] Parser 'parser': end
[20:45:46.334] [bmv2] [D] [thread 24855] [8.0] [cxt 0] Pipeline 'ingress': start
[20:45:46.334] [bmv2] [T] [thread 24855] [8.0] [cxt 0] basic.p4(121) Condition "hdr.ipv4.isValid()" (node_2) is false
[20:45:46.334] [bmv2] [D] [thread 24855] [8.0] [cxt 0] Pipeline 'ingress': end
[20:45:46.334] [bmv2] [D] [thread 24855] [8.0] [cxt 0] Egress port is 0
[20:45:46.334] [bmv2] [D] [thread 24856] [8.0] [cxt 0] Pipeline 'egress': start
[20:45:46.334] [bmv2] [D] [thread 24856] [8.0] [cxt 0] Pipeline 'egress': end
[20:45:46.334] [bmv2] [D] [thread 24856] [8.0] [cxt 0] Deparser 'deparser': start
[20:45:46.334] [bmv2] [T] [thread 24856] [8.0] [cxt 0] Skipping checksum 'cksum' update because condition not met
[20:45:46.334] [bmv2] [D] [thread 24856] [8.0] [cxt 0] Deparsing header 'ethernet'
[20:45:46.334] [bmv2] [D] [thread 24856] [8.0] [cxt 0] Deparser 'deparser': end
[20:45:46.334] [bmv2] [D] [thread 24860] [8.0] [cxt 0] Transmitting packet of size 70 out of port 0
[20:45:52.479] [bmv2] [D] [thread 24855] [9.0] [cxt 0] Processing packet received on port 2
[20:45:52.479] [bmv2] [D] [thread 24855] [9.0] [cxt 0] Parser 'parser': start
[20:45:52.479] [bmv2] [D] [thread 24855] [9.0] [cxt 0] Parser 'parser' entering state 'start'
[20:45:52.479] [bmv2] [D] [thread 24855] [9.0] [cxt 0] Extracting header 'ethernet'
[20:45:52.479] [bmv2] [D] [thread 24855] [9.0] [cxt 0] Parser state 'start': key is 86dd
[20:45:52.479] [bmv2] [T] [thread 24855] [9.0] [cxt 0] Bytes parsed: 14
[20:45:52.480] [bmv2] [D] [thread 24855] [9.0] [cxt 0] Parser 'parser': end
[20:45:52.480] [bmv2] [D] [thread 24855] [9.0] [cxt 0] Pipeline 'ingress': start
[20:45:52.480] [bmv2] [T] [thread 24855] [9.0] [cxt 0] basic.p4(121) Condition "hdr.ipv4.isValid()" (node_2) is false
[20:45:52.480] [bmv2] [D] [thread 24855] [9.0] [cxt 0] Pipeline 'ingress': end
[20:45:52.480] [bmv2] [D] [thread 24855] [9.0] [cxt 0] Egress port is 0
[20:45:52.480] [bmv2] [D] [thread 24856] [9.0] [cxt 0] Pipeline 'egress': start
[20:45:52.480] [bmv2] [D] [thread 24856] [9.0] [cxt 0] Pipeline 'egress': end
[20:45:52.480] [bmv2] [D] [thread 24856] [9.0] [cxt 0] Deparser 'deparser': start
[20:45:52.480] [bmv2] [T] [thread 24856] [9.0] [cxt 0] Skipping checksum 'cksum' update because condition not met
[20:45:52.480] [bmv2] [D] [thread 24856] [9.0] [cxt 0] Deparsing header 'ethernet'
[20:45:52.480] [bmv2] [D] [thread 24856] [9.0] [cxt 0] Deparser 'deparser': end
[20:45:52.480] [bmv2] [D] [thread 24860] [9.0] [cxt 0] Transmitting packet of size 70 out of port 0
